2020-08-25 08:47:25.601  INFO 8180 --- [main] .s.d.r.c.RepositoryConfigurationDelegate : Multiple Spring Data modules found, entering strict repository configuration mode!
2020-08-25 08:47:25.601  INFO 8180 --- [main] .s.d.r.c.RepositoryConfigurationDelegate : Bootstrapping Spring Data repositories in DEFAULT mode.
2020-08-25 08:47:25.611  INFO 8180 --- [main] .s.d.r.c.RepositoryConfigurationDelegate : Finished Spring Data repository scanning in 3ms. Found 0 repository interfaces.
2020-08-25 08:47:25.701 DEBUG 8180 --- [main] o.m.s.b.a.MybatisAutoConfiguration       : Searching for mappers annotated with @Mapper
2020-08-25 08:47:25.701 DEBUG 8180 --- [main] o.m.s.b.a.MybatisAutoConfiguration       : Using auto-configuration base package 'com.sy.bmq'
2020-08-25 08:47:25.701  WARN 8180 --- [main] o.m.s.mapper.ClassPathMapperScanner      : No MyBatis mapper was found in '[com.sy.bmq]' package. Please check your configuration.
2020-08-25 08:47:25.751  INFO 8180 --- [main] .s.d.r.c.RepositoryConfigurationDelegate : Multiple Spring Data modules found, entering strict repository configuration mode!
2020-08-25 08:47:25.751  INFO 8180 --- [main] .s.d.r.c.RepositoryConfigurationDelegate : Bootstrapping Spring Data repositories in DEFAULT mode.
2020-08-25 08:47:25.761  INFO 8180 --- [main] .s.d.r.c.RepositoryConfigurationDelegate : Finished Spring Data repository scanning in 10ms. Found 0 repository interfaces.
2020-08-25 08:47:25.761  INFO 8180 --- [main] .s.d.r.c.RepositoryConfigurationDelegate : Multiple Spring Data modules found, entering strict repository configuration mode!
2020-08-25 08:47:25.761  INFO 8180 --- [main] .s.d.r.c.RepositoryConfigurationDelegate : Bootstrapping Spring Data repositories in DEFAULT mode.
2020-08-25 08:47:25.771  INFO 8180 --- [main] .s.d.r.c.RepositoryConfigurationDelegate : Finished Spring Data repository scanning in 3ms. Found 0 repository interfaces.
2020-08-25 08:47:25.781  INFO 8180 --- [main] .s.d.r.c.RepositoryConfigurationDelegate : Multiple Spring Data modules found, entering strict repository configuration mode!
2020-08-25 08:47:25.781  INFO 8180 --- [main] .s.d.r.c.RepositoryConfigurationDelegate : Bootstrapping Spring Data repositories in DEFAULT mode.
2020-08-25 08:47:25.791  INFO 8180 --- [main] .s.d.r.c.RepositoryConfigurationDelegate : Finished Spring Data repository scanning in 3ms. Found 0 repository interfaces.
2020-08-25 08:47:26.001  INFO 8180 --- [main] trationDelegate$BeanPostProcessorChecker : Bean 'org.apache.shiro.spring.boot.autoconfigure.ShiroBeanAutoConfiguration' of type [org.apache.shiro.spring.boot.autoconfigure.ShiroBeanAutoConfiguration$$EnhancerBySpringCGLIB$$3d67531c] is not eligible for getting processed by all BeanPostProcessors (for example: not eligible for auto-proxying)
2020-08-25 08:47:26.011  INFO 8180 --- [main] trationDelegate$BeanPostProcessorChecker : Bean 'shiroConfig' of type [com.sy.ShiroConfig$$EnhancerBySpringCGLIB$$f61af4e1] is not eligible for getting processed by all BeanPostProcessors (for example: not eligible for auto-proxying)
2020-08-25 08:47:26.031  INFO 8180 --- [main] trationDelegate$BeanPostProcessorChecker : Bean 'eventBus' of type [org.apache.shiro.event.support.DefaultEventBus] is not eligible for getting processed by all BeanPostProcessors (for example: not eligible for auto-proxying)
2020-08-25 08:47:26.061  INFO 8180 --- [main] trationDelegate$BeanPostProcessorChecker : Bean 'org.apache.shiro.spring.config.web.autoconfigure.ShiroWebAutoConfiguration' of type [org.apache.shiro.spring.config.web.autoconfigure.ShiroWebAutoConfiguration$$EnhancerBySpringCGLIB$$6203b386] is not eligible for getting processed by all BeanPostProcessors (for example: not eligible for auto-proxying)
2020-08-25 08:47:26.061  INFO 8180 --- [main] trationDelegate$BeanPostProcessorChecker : Bean 'org.springframework.boot.autoconfigure.jdbc.DataSourceConfiguration$Generic' of type [org.springframework.boot.autoconfigure.jdbc.DataSourceConfiguration$Generic] is not eligible for getting processed by all BeanPostProcessors (for example: not eligible for auto-proxying)
2020-08-25 08:47:26.081  INFO 8180 --- [main] trationDelegate$BeanPostProcessorChecker : Bean 'spring.datasource-org.springframework.boot.autoconfigure.jdbc.DataSourceProperties' of type [org.springframework.boot.autoconfigure.jdbc.DataSourceProperties] is not eligible for getting processed by all BeanPostProcessors (for example: not eligible for auto-proxying)
2020-08-25 08:47:26.111  INFO 8180 --- [main] trationDelegate$BeanPostProcessorChecker : Bean 'dataSource' of type [com.alibaba.druid.pool.DruidDataSource] is not eligible for getting processed by all BeanPostProcessors (for example: not eligible for auto-proxying)
2020-08-25 08:47:26.111  INFO 8180 --- [main] trationDelegate$BeanPostProcessorChecker : Bean 'authorizer' of type [com.sy.bmq.realm.CasRealm] is not eligible for getting processed by all BeanPostProcessors (for example: not eligible for auto-proxying)
2020-08-25 08:47:26.111  INFO 8180 --- [main] trationDelegate$BeanPostProcessorChecker : Bean 'springShiroConfig' of type [com.sy.SpringShiroConfig$$EnhancerBySpringCGLIB$$ec36e634] is not eligible for getting processed by all BeanPostProcessors (for example: not eligible for auto-proxying)
2020-08-25 08:47:26.121  INFO 8180 --- [main] trationDelegate$BeanPostProcessorChecker : Bean 'createRealm' of type [com.sy.bmq.realm.MyJdbcRealm] is not eligible for getting processed by all BeanPostProcessors (for example: not eligible for auto-proxying)
2020-08-25 08:47:26.321  INFO 8180 --- [main] trationDelegate$BeanPostProcessorChecker : Bean 'sessionStorageEvaluator' of type [org.apache.shiro.web.mgt.DefaultWebSessionStorageEvaluator] is not eligible for getting processed by all BeanPostProcessors (for example: not eligible for auto-proxying)
2020-08-25 08:47:26.321  INFO 8180 --- [main] trationDelegate$BeanPostProcessorChecker : Bean 'subjectDAO' of type [org.apache.shiro.mgt.DefaultSubjectDAO] is not eligible for getting processed by all BeanPostProcessors (for example: not eligible for auto-proxying)
2020-08-25 08:47:26.321  INFO 8180 --- [main] trationDelegate$BeanPostProcessorChecker : Bean 'subjectFactory' of type [io.buji.pac4j.subject.Pac4jSubjectFactory] is not eligible for getting processed by all BeanPostProcessors (for example: not eligible for auto-proxying)
2020-08-25 08:47:26.321  INFO 8180 --- [main] trationDelegate$BeanPostProcessorChecker : Bean 'rememberMeCookieTemplate' of type [org.apache.shiro.web.servlet.SimpleCookie] is not eligible for getting processed by all BeanPostProcessors (for example: not eligible for auto-proxying)
2020-08-25 08:47:26.321  INFO 8180 --- [main] trationDelegate$BeanPostProcessorChecker : Bean 'rememberMeManager' of type [org.apache.shiro.web.mgt.CookieRememberMeManager] is not eligible for getting processed by all BeanPostProcessors (for example: not eligible for auto-proxying)
2020-08-25 08:47:26.321  INFO 8180 --- [main] trationDelegate$BeanPostProcessorChecker : Bean 'authenticationStrategy' of type [org.apache.shiro.authc.pam.AtLeastOneSuccessfulStrategy] is not eligible for getting processed by all BeanPostProcessors (for example: not eligible for auto-proxying)
2020-08-25 08:47:26.321  INFO 8180 --- [main] trationDelegate$BeanPostProcessorChecker : Bean 'authenticator' of type [org.apache.shiro.authc.pam.ModularRealmAuthenticator] is not eligible for getting processed by all BeanPostProcessors (for example: not eligible for auto-proxying)
2020-08-25 08:47:26.331  INFO 8180 --- [main] trationDelegate$BeanPostProcessorChecker : Bean 'sessionManager' of type [org.apache.shiro.web.session.mgt.ServletContainerSessionManager] is not eligible for getting processed by all BeanPostProcessors (for example: not eligible for auto-proxying)
2020-08-25 08:47:26.331  INFO 8180 --- [main] trationDelegate$BeanPostProcessorChecker : Bean 'securityManager' of type [org.apache.shiro.web.mgt.DefaultWebSecurityManager] is not eligible for getting processed by all BeanPostProcessors (for example: not eligible for auto-proxying)
2020-08-25 08:47:26.331  INFO 8180 --- [main] trationDelegate$BeanPostProcessorChecker : Bean 'casConfig' of type [com.sy.CasConfig$$EnhancerBySpringCGLIB$$92547785] is not eligible for getting processed by all BeanPostProcessors (for example: not eligible for auto-proxying)
2020-08-25 08:47:26.341  INFO 8180 --- [main] trationDelegate$BeanPostProcessorChecker : Bean 'casConfiguration' of type [org.pac4j.cas.config.CasConfiguration] is not eligible for getting processed by all BeanPostProcessors (for example: not eligible for auto-proxying)
2020-08-25 08:47:26.341  INFO 8180 --- [main] trationDelegate$BeanPostProcessorChecker : Bean 'casClient' of type [org.pac4j.cas.client.CasClient] is not eligible for getting processed by all BeanPostProcessors (for example: not eligible for auto-proxying)
2020-08-25 08:47:26.351  INFO 8180 --- [main] trationDelegate$BeanPostProcessorChecker : Bean 'shiroSessionStore' of type [io.buji.pac4j.context.ShiroSessionStore] is not eligible for getting processed by all BeanPostProcessors (for example: not eligible for auto-proxying)
2020-08-25 08:47:26.351  INFO 8180 --- [main] trationDelegate$BeanPostProcessorChecker : Bean 'exPac4jConfig' of type [org.pac4j.core.config.Config] is not eligible for getting processed by all BeanPostProcessors (for example: not eligible for auto-proxying)
2020-08-25 08:47:26.371  INFO 8180 --- [main] trationDelegate$BeanPostProcessorChecker : Bean 'org.springframework.transaction.annotation.ProxyTransactionManagementConfiguration' of type [org.springframework.transaction.annotation.ProxyTransactionManagementConfiguration] is not eligible for getting processed by all BeanPostProcessors (for example: not eligible for auto-proxying)
2020-08-25 08:47:26.381  INFO 8180 --- [main] trationDelegate$BeanPostProcessorChecker : Bean 'authorizationAttributeSourceAdvisor' of type [org.apache.shiro.spring.security.interceptor.AuthorizationAttributeSourceAdvisor] is not eligible for getting processed by all BeanPostProcessors (for example: not eligible for auto-proxying)
2020-08-25 08:47:26.572  INFO 8180 --- [main] o.s.b.w.embedded.tomcat.TomcatWebServer  : Tomcat initialized with port(s): 9998 (http)
2020-08-25 08:47:26.732  INFO 8180 --- [main] o.s.web.context.ContextLoader            : Root WebApplicationContext: initialization completed in 1531 ms
2020-08-25 08:47:26.852 DEBUG 8180 --- [main] o.mybatis.spring.SqlSessionFactoryBean   : Property 'mapperLocations' was not specified or no matching resources found
2020-08-25 08:47:27.252  INFO 8180 --- [main] o.s.s.concurrent.ThreadPoolTaskExecutor  : Initializing ExecutorService 'applicationTaskExecutor'
2020-08-25 08:47:27.302  INFO 8180 --- [main] o.s.b.a.w.s.WelcomePageHandlerMapping    : Adding welcome page: class path resource [static/index.html]
2020-08-25 08:47:27.362 DEBUG 8180 --- [main] o.m.s.b.a.MybatisAutoConfiguration       : No org.mybatis.spring.mapper.MapperFactoryBean found.
2020-08-25 08:47:28.443  INFO 8180 --- [main] o.s.d.e.c.TransportClientFactoryBean     : Adding transport node : 127.0.0.1:9300
2020-08-25 08:47:30.334  INFO 8180 --- [main] o.s.b.w.embedded.tomcat.TomcatWebServer  : Tomcat started on port(s): 9998 (http) with context path ''
2020-08-25 08:50:12.796  INFO 8180 --- [http-nio-9998-exec-1] o.s.web.servlet.DispatcherServlet        : Initializing Servlet 'dispatcherServlet'
2020-08-25 08:50:12.802  INFO 8180 --- [http-nio-9998-exec-1] o.s.web.servlet.DispatcherServlet        : Completed initialization in 6 ms
2020-08-25 09:45:01.463  INFO 3000 --- [main] .s.d.r.c.RepositoryConfigurationDelegate : Multiple Spring Data modules found, entering strict repository configuration mode!
2020-08-25 09:45:01.463  INFO 3000 --- [main] .s.d.r.c.RepositoryConfigurationDelegate : Bootstrapping Spring Data repositories in DEFAULT mode.
2020-08-25 09:45:01.463  INFO 3000 --- [main] .s.d.r.c.RepositoryConfigurationDelegate : Finished Spring Data repository scanning in 3ms. Found 0 repository interfaces.
2020-08-25 09:45:01.563 DEBUG 3000 --- [main] o.m.s.b.a.MybatisAutoConfiguration       : Searching for mappers annotated with @Mapper
2020-08-25 09:45:01.563 DEBUG 3000 --- [main] o.m.s.b.a.MybatisAutoConfiguration       : Using auto-configuration base package 'com.sy.bmq'
2020-08-25 09:45:01.563  WARN 3000 --- [main] o.m.s.mapper.ClassPathMapperScanner      : No MyBatis mapper was found in '[com.sy.bmq]' package. Please check your configuration.
2020-08-25 09:45:01.623  INFO 3000 --- [main] .s.d.r.c.RepositoryConfigurationDelegate : Multiple Spring Data modules found, entering strict repository configuration mode!
2020-08-25 09:45:01.623  INFO 3000 --- [main] .s.d.r.c.RepositoryConfigurationDelegate : Bootstrapping Spring Data repositories in DEFAULT mode.
2020-08-25 09:45:01.633  INFO 3000 --- [main] .s.d.r.c.RepositoryConfigurationDelegate : Finished Spring Data repository scanning in 10ms. Found 0 repository interfaces.
2020-08-25 09:45:01.633  INFO 3000 --- [main] .s.d.r.c.RepositoryConfigurationDelegate : Multiple Spring Data modules found, entering strict repository configuration mode!
2020-08-25 09:45:01.633  INFO 3000 --- [main] .s.d.r.c.RepositoryConfigurationDelegate : Bootstrapping Spring Data repositories in DEFAULT mode.
2020-08-25 09:45:01.643  INFO 3000 --- [main] .s.d.r.c.RepositoryConfigurationDelegate : Finished Spring Data repository scanning in 3ms. Found 0 repository interfaces.
2020-08-25 09:45:01.653  INFO 3000 --- [main] .s.d.r.c.RepositoryConfigurationDelegate : Multiple Spring Data modules found, entering strict repository configuration mode!
2020-08-25 09:45:01.653  INFO 3000 --- [main] .s.d.r.c.RepositoryConfigurationDelegate : Bootstrapping Spring Data repositories in DEFAULT mode.
2020-08-25 09:45:01.663  INFO 3000 --- [main] .s.d.r.c.RepositoryConfigurationDelegate : Finished Spring Data repository scanning in 3ms. Found 0 repository interfaces.
2020-08-25 09:45:01.863  INFO 3000 --- [main] trationDelegate$BeanPostProcessorChecker : Bean 'org.apache.shiro.spring.boot.autoconfigure.ShiroBeanAutoConfiguration' of type [org.apache.shiro.spring.boot.autoconfigure.ShiroBeanAutoConfiguration$$EnhancerBySpringCGLIB$$fe7b60b7] is not eligible for getting processed by all BeanPostProcessors (for example: not eligible for auto-proxying)
2020-08-25 09:45:01.873  INFO 3000 --- [main] trationDelegate$BeanPostProcessorChecker : Bean 'shiroConfig' of type [com.sy.ShiroConfig$$EnhancerBySpringCGLIB$$b72f027c] is not eligible for getting processed by all BeanPostProcessors (for example: not eligible for auto-proxying)
2020-08-25 09:45:01.903  INFO 3000 --- [main] trationDelegate$BeanPostProcessorChecker : Bean 'eventBus' of type [org.apache.shiro.event.support.DefaultEventBus] is not eligible for getting processed by all BeanPostProcessors (for example: not eligible for auto-proxying)
2020-08-25 09:45:01.923  INFO 3000 --- [main] trationDelegate$BeanPostProcessorChecker : Bean 'org.apache.shiro.spring.config.web.autoconfigure.ShiroWebAutoConfiguration' of type [org.apache.shiro.spring.config.web.autoconfigure.ShiroWebAutoConfiguration$$EnhancerBySpringCGLIB$$2317c121] is not eligible for getting processed by all BeanPostProcessors (for example: not eligible for auto-proxying)
2020-08-25 09:45:01.933  INFO 3000 --- [main] trationDelegate$BeanPostProcessorChecker : Bean 'org.springframework.boot.autoconfigure.jdbc.DataSourceConfiguration$Generic' of type [org.springframework.boot.autoconfigure.jdbc.DataSourceConfiguration$Generic] is not eligible for getting processed by all BeanPostProcessors (for example: not eligible for auto-proxying)
2020-08-25 09:45:01.953  INFO 3000 --- [main] trationDelegate$BeanPostProcessorChecker : Bean 'spring.datasource-org.springframework.boot.autoconfigure.jdbc.DataSourceProperties' of type [org.springframework.boot.autoconfigure.jdbc.DataSourceProperties] is not eligible for getting processed by all BeanPostProcessors (for example: not eligible for auto-proxying)
2020-08-25 09:45:01.983  INFO 3000 --- [main] trationDelegate$BeanPostProcessorChecker : Bean 'dataSource' of type [com.alibaba.druid.pool.DruidDataSource] is not eligible for getting processed by all BeanPostProcessors (for example: not eligible for auto-proxying)
2020-08-25 09:45:01.993  INFO 3000 --- [main] trationDelegate$BeanPostProcessorChecker : Bean 'authorizer' of type [com.sy.bmq.realm.CasRealm] is not eligible for getting processed by all BeanPostProcessors (for example: not eligible for auto-proxying)
2020-08-25 09:45:01.993  INFO 3000 --- [main] trationDelegate$BeanPostProcessorChecker : Bean 'springShiroConfig' of type [com.sy.SpringShiroConfig$$EnhancerBySpringCGLIB$$ad4af3cf] is not eligible for getting processed by all BeanPostProcessors (for example: not eligible for auto-proxying)
2020-08-25 09:45:01.993  INFO 3000 --- [main] trationDelegate$BeanPostProcessorChecker : Bean 'createRealm' of type [com.sy.bmq.realm.MyJdbcRealm] is not eligible for getting processed by all BeanPostProcessors (for example: not eligible for auto-proxying)
2020-08-25 09:45:02.143  INFO 3000 --- [main] trationDelegate$BeanPostProcessorChecker : Bean 'sessionStorageEvaluator' of type [org.apache.shiro.web.mgt.DefaultWebSessionStorageEvaluator] is not eligible for getting processed by all BeanPostProcessors (for example: not eligible for auto-proxying)
2020-08-25 09:45:02.143  INFO 3000 --- [main] trationDelegate$BeanPostProcessorChecker : Bean 'subjectDAO' of type [org.apache.shiro.mgt.DefaultSubjectDAO] is not eligible for getting processed by all BeanPostProcessors (for example: not eligible for auto-proxying)
2020-08-25 09:45:02.143  INFO 3000 --- [main] trationDelegate$BeanPostProcessorChecker : Bean 'subjectFactory' of type [io.buji.pac4j.subject.Pac4jSubjectFactory] is not eligible for getting processed by all BeanPostProcessors (for example: not eligible for auto-proxying)
2020-08-25 09:45:02.143  INFO 3000 --- [main] trationDelegate$BeanPostProcessorChecker : Bean 'rememberMeCookieTemplate' of type [org.apache.shiro.web.servlet.SimpleCookie] is not eligible for getting processed by all BeanPostProcessors (for example: not eligible for auto-proxying)
2020-08-25 09:45:02.143  INFO 3000 --- [main] trationDelegate$BeanPostProcessorChecker : Bean 'rememberMeManager' of type [org.apache.shiro.web.mgt.CookieRememberMeManager] is not eligible for getting processed by all BeanPostProcessors (for example: not eligible for auto-proxying)
2020-08-25 09:45:02.153  INFO 3000 --- [main] trationDelegate$BeanPostProcessorChecker : Bean 'authenticationStrategy' of type [org.apache.shiro.authc.pam.AtLeastOneSuccessfulStrategy] is not eligible for getting processed by all BeanPostProcessors (for example: not eligible for auto-proxying)
2020-08-25 09:45:02.153  INFO 3000 --- [main] trationDelegate$BeanPostProcessorChecker : Bean 'authenticator' of type [org.apache.shiro.authc.pam.ModularRealmAuthenticator] is not eligible for getting processed by all BeanPostProcessors (for example: not eligible for auto-proxying)
2020-08-25 09:45:02.153  INFO 3000 --- [main] trationDelegate$BeanPostProcessorChecker : Bean 'sessionManager' of type [org.apache.shiro.web.session.mgt.ServletContainerSessionManager] is not eligible for getting processed by all BeanPostProcessors (for example: not eligible for auto-proxying)
2020-08-25 09:45:02.153  INFO 3000 --- [main] trationDelegate$BeanPostProcessorChecker : Bean 'securityManager' of type [org.apache.shiro.web.mgt.DefaultWebSecurityManager] is not eligible for getting processed by all BeanPostProcessors (for example: not eligible for auto-proxying)
2020-08-25 09:45:02.153  INFO 3000 --- [main] trationDelegate$BeanPostProcessorChecker : Bean 'casConfig' of type [com.sy.CasConfig$$EnhancerBySpringCGLIB$$53688520] is not eligible for getting processed by all BeanPostProcessors (for example: not eligible for auto-proxying)
2020-08-25 09:45:02.163  INFO 3000 --- [main] trationDelegate$BeanPostProcessorChecker : Bean 'casConfiguration' of type [org.pac4j.cas.config.CasConfiguration] is not eligible for getting processed by all BeanPostProcessors (for example: not eligible for auto-proxying)
2020-08-25 09:45:02.163  INFO 3000 --- [main] trationDelegate$BeanPostProcessorChecker : Bean 'casClient' of type [org.pac4j.cas.client.CasClient] is not eligible for getting processed by all BeanPostProcessors (for example: not eligible for auto-proxying)
2020-08-25 09:45:02.163  INFO 3000 --- [main] trationDelegate$BeanPostProcessorChecker : Bean 'shiroSessionStore' of type [io.buji.pac4j.context.ShiroSessionStore] is not eligible for getting processed by all BeanPostProcessors (for example: not eligible for auto-proxying)
2020-08-25 09:45:02.173  INFO 3000 --- [main] trationDelegate$BeanPostProcessorChecker : Bean 'exPac4jConfig' of type [org.pac4j.core.config.Config] is not eligible for getting processed by all BeanPostProcessors (for example: not eligible for auto-proxying)
2020-08-25 09:45:02.193  INFO 3000 --- [main] trationDelegate$BeanPostProcessorChecker : Bean 'org.springframework.transaction.annotation.ProxyTransactionManagementConfiguration' of type [org.springframework.transaction.annotation.ProxyTransactionManagementConfiguration] is not eligible for getting processed by all BeanPostProcessors (for example: not eligible for auto-proxying)
2020-08-25 09:45:02.193  INFO 3000 --- [main] trationDelegate$BeanPostProcessorChecker : Bean 'authorizationAttributeSourceAdvisor' of type [org.apache.shiro.spring.security.interceptor.AuthorizationAttributeSourceAdvisor] is not eligible for getting processed by all BeanPostProcessors (for example: not eligible for auto-proxying)
2020-08-25 09:45:02.703  INFO 3000 --- [main] o.s.b.w.embedded.tomcat.TomcatWebServer  : Tomcat initialized with port(s): 9998 (http)
2020-08-25 09:45:02.883  INFO 3000 --- [main] o.s.web.context.ContextLoader            : Root WebApplicationContext: initialization completed in 1893 ms
2020-08-25 09:45:03.044 DEBUG 3000 --- [main] o.mybatis.spring.SqlSessionFactoryBean   : Property 'mapperLocations' was not specified or no matching resources found
2020-08-25 09:45:03.724  INFO 3000 --- [main] o.s.s.concurrent.ThreadPoolTaskExecutor  : Initializing ExecutorService 'applicationTaskExecutor'
2020-08-25 09:45:03.784  INFO 3000 --- [main] o.s.b.a.w.s.WelcomePageHandlerMapping    : Adding welcome page: class path resource [static/index.html]
2020-08-25 09:45:03.834 DEBUG 3000 --- [main] o.m.s.b.a.MybatisAutoConfiguration       : No org.mybatis.spring.mapper.MapperFactoryBean found.
2020-08-25 09:45:04.925  INFO 3000 --- [main] o.s.d.e.c.TransportClientFactoryBean     : Adding transport node : 127.0.0.1:9300
2020-08-25 09:45:06.545  INFO 3000 --- [main] o.s.b.w.embedded.tomcat.TomcatWebServer  : Tomcat started on port(s): 9998 (http) with context path ''
2020-08-25 09:45:15.062  INFO 3000 --- [http-nio-9998-exec-1] o.s.web.servlet.DispatcherServlet        : Initializing Servlet 'dispatcherServlet'
2020-08-25 09:45:15.069  INFO 3000 --- [http-nio-9998-exec-1] o.s.web.servlet.DispatcherServlet        : Completed initialization in 7 ms
2020-08-25 09:47:03.730  INFO 9276 --- [main] .s.d.r.c.RepositoryConfigurationDelegate : Multiple Spring Data modules found, entering strict repository configuration mode!
2020-08-25 09:47:03.740  INFO 9276 --- [main] .s.d.r.c.RepositoryConfigurationDelegate : Bootstrapping Spring Data repositories in DEFAULT mode.
2020-08-25 09:47:03.740  INFO 9276 --- [main] .s.d.r.c.RepositoryConfigurationDelegate : Finished Spring Data repository scanning in 3ms. Found 0 repository interfaces.
2020-08-25 09:47:03.830 DEBUG 9276 --- [main] o.m.s.b.a.MybatisAutoConfiguration       : Searching for mappers annotated with @Mapper
2020-08-25 09:47:03.830 DEBUG 9276 --- [main] o.m.s.b.a.MybatisAutoConfiguration       : Using auto-configuration base package 'com.sy.bmq'
2020-08-25 09:47:03.830  WARN 9276 --- [main] o.m.s.mapper.ClassPathMapperScanner      : No MyBatis mapper was found in '[com.sy.bmq]' package. Please check your configuration.
2020-08-25 09:47:03.880  INFO 9276 --- [main] .s.d.r.c.RepositoryConfigurationDelegate : Multiple Spring Data modules found, entering strict repository configuration mode!
2020-08-25 09:47:03.880  INFO 9276 --- [main] .s.d.r.c.RepositoryConfigurationDelegate : Bootstrapping Spring Data repositories in DEFAULT mode.
2020-08-25 09:47:03.890  INFO 9276 --- [main] .s.d.r.c.RepositoryConfigurationDelegate : Finished Spring Data repository scanning in 10ms. Found 0 repository interfaces.
2020-08-25 09:47:03.890  INFO 9276 --- [main] .s.d.r.c.RepositoryConfigurationDelegate : Multiple Spring Data modules found, entering strict repository configuration mode!
2020-08-25 09:47:03.890  INFO 9276 --- [main] .s.d.r.c.RepositoryConfigurationDelegate : Bootstrapping Spring Data repositories in DEFAULT mode.
2020-08-25 09:47:03.900  INFO 9276 --- [main] .s.d.r.c.RepositoryConfigurationDelegate : Finished Spring Data repository scanning in 3ms. Found 0 repository interfaces.
2020-08-25 09:47:03.910  INFO 9276 --- [main] .s.d.r.c.RepositoryConfigurationDelegate : Multiple Spring Data modules found, entering strict repository configuration mode!
2020-08-25 09:47:03.910  INFO 9276 --- [main] .s.d.r.c.RepositoryConfigurationDelegate : Bootstrapping Spring Data repositories in DEFAULT mode.
2020-08-25 09:47:03.920  INFO 9276 --- [main] .s.d.r.c.RepositoryConfigurationDelegate : Finished Spring Data repository scanning in 3ms. Found 0 repository interfaces.
2020-08-25 09:47:04.130  INFO 9276 --- [main] trationDelegate$BeanPostProcessorChecker : Bean 'org.apache.shiro.spring.boot.autoconfigure.ShiroBeanAutoConfiguration' of type [org.apache.shiro.spring.boot.autoconfigure.ShiroBeanAutoConfiguration$$EnhancerBySpringCGLIB$$bb3683c8] is not eligible for getting processed by all BeanPostProcessors (for example: not eligible for auto-proxying)
2020-08-25 09:47:04.150  INFO 9276 --- [main] trationDelegate$BeanPostProcessorChecker : Bean 'shiroConfig' of type [com.sy.ShiroConfig$$EnhancerBySpringCGLIB$$73ea258d] is not eligible for getting processed by all BeanPostProcessors (for example: not eligible for auto-proxying)
2020-08-25 09:47:04.170  INFO 9276 --- [main] trationDelegate$BeanPostProcessorChecker : Bean 'eventBus' of type [org.apache.shiro.event.support.DefaultEventBus] is not eligible for getting processed by all BeanPostProcessors (for example: not eligible for auto-proxying)
2020-08-25 09:47:04.190  INFO 9276 --- [main] trationDelegate$BeanPostProcessorChecker : Bean 'org.apache.shiro.spring.config.web.autoconfigure.ShiroWebAutoConfiguration' of type [org.apache.shiro.spring.config.web.autoconfigure.ShiroWebAutoConfiguration$$EnhancerBySpringCGLIB$$dfd2e432] is not eligible for getting processed by all BeanPostProcessors (for example: not eligible for auto-proxying)
2020-08-25 09:47:04.200  INFO 9276 --- [main] trationDelegate$BeanPostProcessorChecker : Bean 'org.springframework.boot.autoconfigure.jdbc.DataSourceConfiguration$Generic' of type [org.springframework.boot.autoconfigure.jdbc.DataSourceConfiguration$Generic] is not eligible for getting processed by all BeanPostProcessors (for example: not eligible for auto-proxying)
2020-08-25 09:47:04.210  INFO 9276 --- [main] trationDelegate$BeanPostProcessorChecker : Bean 'spring.datasource-org.springframework.boot.autoconfigure.jdbc.DataSourceProperties' of type [org.springframework.boot.autoconfigure.jdbc.DataSourceProperties] is not eligible for getting processed by all BeanPostProcessors (for example: not eligible for auto-proxying)
2020-08-25 09:47:04.240  INFO 9276 --- [main] trationDelegate$BeanPostProcessorChecker : Bean 'dataSource' of type [com.alibaba.druid.pool.DruidDataSource] is not eligible for getting processed by all BeanPostProcessors (for example: not eligible for auto-proxying)
2020-08-25 09:47:04.240  INFO 9276 --- [main] trationDelegate$BeanPostProcessorChecker : Bean 'authorizer' of type [com.sy.bmq.realm.CasRealm] is not eligible for getting processed by all BeanPostProcessors (for example: not eligible for auto-proxying)
2020-08-25 09:47:04.240  INFO 9276 --- [main] trationDelegate$BeanPostProcessorChecker : Bean 'springShiroConfig' of type [com.sy.SpringShiroConfig$$EnhancerBySpringCGLIB$$6a0616e0] is not eligible for getting processed by all BeanPostProcessors (for example: not eligible for auto-proxying)
2020-08-25 09:47:04.250  INFO 9276 --- [main] trationDelegate$BeanPostProcessorChecker : Bean 'createRealm' of type [com.sy.bmq.realm.MyJdbcRealm] is not eligible for getting processed by all BeanPostProcessors (for example: not eligible for auto-proxying)
2020-08-25 09:47:04.410  INFO 9276 --- [main] trationDelegate$BeanPostProcessorChecker : Bean 'sessionStorageEvaluator' of type [org.apache.shiro.web.mgt.DefaultWebSessionStorageEvaluator] is not eligible for getting processed by all BeanPostProcessors (for example: not eligible for auto-proxying)
2020-08-25 09:47:04.410  INFO 9276 --- [main] trationDelegate$BeanPostProcessorChecker : Bean 'subjectDAO' of type [org.apache.shiro.mgt.DefaultSubjectDAO] is not eligible for getting processed by all BeanPostProcessors (for example: not eligible for auto-proxying)
2020-08-25 09:47:04.410  INFO 9276 --- [main] trationDelegate$BeanPostProcessorChecker : Bean 'subjectFactory' of type [io.buji.pac4j.subject.Pac4jSubjectFactory] is not eligible for getting processed by all BeanPostProcessors (for example: not eligible for auto-proxying)
2020-08-25 09:47:04.410  INFO 9276 --- [main] trationDelegate$BeanPostProcessorChecker : Bean 'rememberMeCookieTemplate' of type [org.apache.shiro.web.servlet.SimpleCookie] is not eligible for getting processed by all BeanPostProcessors (for example: not eligible for auto-proxying)
2020-08-25 09:47:04.410  INFO 9276 --- [main] trationDelegate$BeanPostProcessorChecker : Bean 'rememberMeManager' of type [org.apache.shiro.web.mgt.CookieRememberMeManager] is not eligible for getting processed by all BeanPostProcessors (for example: not eligible for auto-proxying)
2020-08-25 09:47:04.410  INFO 9276 --- [main] trationDelegate$BeanPostProcessorChecker : Bean 'authenticationStrategy' of type [org.apache.shiro.authc.pam.AtLeastOneSuccessfulStrategy] is not eligible for getting processed by all BeanPostProcessors (for example: not eligible for auto-proxying)
2020-08-25 09:47:04.410  INFO 9276 --- [main] trationDelegate$BeanPostProcessorChecker : Bean 'authenticator' of type [org.apache.shiro.authc.pam.ModularRealmAuthenticator] is not eligible for getting processed by all BeanPostProcessors (for example: not eligible for auto-proxying)
2020-08-25 09:47:04.420  INFO 9276 --- [main] trationDelegate$BeanPostProcessorChecker : Bean 'sessionManager' of type [org.apache.shiro.web.session.mgt.ServletContainerSessionManager] is not eligible for getting processed by all BeanPostProcessors (for example: not eligible for auto-proxying)
2020-08-25 09:47:04.420  INFO 9276 --- [main] trationDelegate$BeanPostProcessorChecker : Bean 'securityManager' of type [org.apache.shiro.web.mgt.DefaultWebSecurityManager] is not eligible for getting processed by all BeanPostProcessors (for example: not eligible for auto-proxying)
2020-08-25 09:47:04.420  INFO 9276 --- [main] trationDelegate$BeanPostProcessorChecker : Bean 'casConfig' of type [com.sy.CasConfig$$EnhancerBySpringCGLIB$$1023a831] is not eligible for getting processed by all BeanPostProcessors (for example: not eligible for auto-proxying)
2020-08-25 09:47:04.430  INFO 9276 --- [main] trationDelegate$BeanPostProcessorChecker : Bean 'casConfiguration' of type [org.pac4j.cas.config.CasConfiguration] is not eligible for getting processed by all BeanPostProcessors (for example: not eligible for auto-proxying)
2020-08-25 09:47:04.430  INFO 9276 --- [main] trationDelegate$BeanPostProcessorChecker : Bean 'casClient' of type [org.pac4j.cas.client.CasClient] is not eligible for getting processed by all BeanPostProcessors (for example: not eligible for auto-proxying)
2020-08-25 09:47:04.430  INFO 9276 --- [main] trationDelegate$BeanPostProcessorChecker : Bean 'shiroSessionStore' of type [io.buji.pac4j.context.ShiroSessionStore] is not eligible for getting processed by all BeanPostProcessors (for example: not eligible for auto-proxying)
2020-08-25 09:47:04.430  INFO 9276 --- [main] trationDelegate$BeanPostProcessorChecker : Bean 'exPac4jConfig' of type [org.pac4j.core.config.Config] is not eligible for getting processed by all BeanPostProcessors (for example: not eligible for auto-proxying)
2020-08-25 09:47:04.450  INFO 9276 --- [main] trationDelegate$BeanPostProcessorChecker : Bean 'org.springframework.transaction.annotation.ProxyTransactionManagementConfiguration' of type [org.springframework.transaction.annotation.ProxyTransactionManagementConfiguration] is not eligible for getting processed by all BeanPostProcessors (for example: not eligible for auto-proxying)
2020-08-25 09:47:04.460  INFO 9276 --- [main] trationDelegate$BeanPostProcessorChecker : Bean 'authorizationAttributeSourceAdvisor' of type [org.apache.shiro.spring.security.interceptor.AuthorizationAttributeSourceAdvisor] is not eligible for getting processed by all BeanPostProcessors (for example: not eligible for auto-proxying)
2020-08-25 09:47:04.650  INFO 9276 --- [main] o.s.b.w.embedded.tomcat.TomcatWebServer  : Tomcat initialized with port(s): 9998 (http)
2020-08-25 09:47:04.750  INFO 9276 --- [main] o.s.web.context.ContextLoader            : Root WebApplicationContext: initialization completed in 1634 ms
2020-08-25 09:47:04.960 DEBUG 9276 --- [main] o.mybatis.spring.SqlSessionFactoryBean   : Property 'mapperLocations' was not specified or no matching resources found
2020-08-25 09:47:05.521  INFO 9276 --- [main] o.s.s.concurrent.ThreadPoolTaskExecutor  : Initializing ExecutorService 'applicationTaskExecutor'
2020-08-25 09:47:05.581  INFO 9276 --- [main] o.s.b.a.w.s.WelcomePageHandlerMapping    : Adding welcome page: class path resource [static/index.html]
2020-08-25 09:47:05.651 DEBUG 9276 --- [main] o.m.s.b.a.MybatisAutoConfiguration       : No org.mybatis.spring.mapper.MapperFactoryBean found.
2020-08-25 09:47:07.645  INFO 9276 --- [main] o.s.d.e.c.TransportClientFactoryBean     : Adding transport node : 127.0.0.1:9300
2020-08-25 09:47:09.346  INFO 9276 --- [main] o.s.b.w.embedded.tomcat.TomcatWebServer  : Tomcat started on port(s): 9998 (http) with context path ''
2020-08-25 09:50:57.800  INFO 9276 --- [http-nio-9998-exec-1] o.s.web.servlet.DispatcherServlet        : Initializing Servlet 'dispatcherServlet'
2020-08-25 09:50:57.808  INFO 9276 --- [http-nio-9998-exec-1] o.s.web.servlet.DispatcherServlet        : Completed initialization in 8 ms
2020-08-25 10:05:25.199  INFO 6276 --- [main] .s.d.r.c.RepositoryConfigurationDelegate : Multiple Spring Data modules found, entering strict repository configuration mode!
2020-08-25 10:05:25.199  INFO 6276 --- [main] .s.d.r.c.RepositoryConfigurationDelegate : Bootstrapping Spring Data repositories in DEFAULT mode.
2020-08-25 10:05:25.209  INFO 6276 --- [main] .s.d.r.c.RepositoryConfigurationDelegate : Finished Spring Data repository scanning in 4ms. Found 0 repository interfaces.
2020-08-25 10:05:25.289 DEBUG 6276 --- [main] o.m.s.b.a.MybatisAutoConfiguration       : Searching for mappers annotated with @Mapper
2020-08-25 10:05:25.289 DEBUG 6276 --- [main] o.m.s.b.a.MybatisAutoConfiguration       : Using auto-configuration base package 'com.sy.bmq'
2020-08-25 10:05:25.289  WARN 6276 --- [main] o.m.s.mapper.ClassPathMapperScanner      : No MyBatis mapper was found in '[com.sy.bmq]' package. Please check your configuration.
2020-08-25 10:05:25.339  INFO 6276 --- [main] .s.d.r.c.RepositoryConfigurationDelegate : Multiple Spring Data modules found, entering strict repository configuration mode!
2020-08-25 10:05:25.339  INFO 6276 --- [main] .s.d.r.c.RepositoryConfigurationDelegate : Bootstrapping Spring Data repositories in DEFAULT mode.
2020-08-25 10:05:25.349  INFO 6276 --- [main] .s.d.r.c.RepositoryConfigurationDelegate : Finished Spring Data repository scanning in 10ms. Found 0 repository interfaces.
2020-08-25 10:05:25.349  INFO 6276 --- [main] .s.d.r.c.RepositoryConfigurationDelegate : Multiple Spring Data modules found, entering strict repository configuration mode!
2020-08-25 10:05:25.349  INFO 6276 --- [main] .s.d.r.c.RepositoryConfigurationDelegate : Bootstrapping Spring Data repositories in DEFAULT mode.
2020-08-25 10:05:25.359  INFO 6276 --- [main] .s.d.r.c.RepositoryConfigurationDelegate : Finished Spring Data repository scanning in 3ms. Found 0 repository interfaces.
2020-08-25 10:05:25.369  INFO 6276 --- [main] .s.d.r.c.RepositoryConfigurationDelegate : Multiple Spring Data modules found, entering strict repository configuration mode!
2020-08-25 10:05:25.369  INFO 6276 --- [main] .s.d.r.c.RepositoryConfigurationDelegate : Bootstrapping Spring Data repositories in DEFAULT mode.
2020-08-25 10:05:25.379  INFO 6276 --- [main] .s.d.r.c.RepositoryConfigurationDelegate : Finished Spring Data repository scanning in 3ms. Found 0 repository interfaces.
2020-08-25 10:05:25.539  INFO 6276 --- [main] trationDelegate$BeanPostProcessorChecker : Bean 'org.apache.shiro.spring.boot.autoconfigure.ShiroBeanAutoConfiguration' of type [org.apache.shiro.spring.boot.autoconfigure.ShiroBeanAutoConfiguration$$EnhancerBySpringCGLIB$$2f0e8350] is not eligible for getting processed by all BeanPostProcessors (for example: not eligible for auto-proxying)
2020-08-25 10:05:25.549  INFO 6276 --- [main] trationDelegate$BeanPostProcessorChecker : Bean 'shiroConfig' of type [com.sy.ShiroConfig$$EnhancerBySpringCGLIB$$e7c22515] is not eligible for getting processed by all BeanPostProcessors (for example: not eligible for auto-proxying)
2020-08-25 10:05:25.569  INFO 6276 --- [main] trationDelegate$BeanPostProcessorChecker : Bean 'eventBus' of type [org.apache.shiro.event.support.DefaultEventBus] is not eligible for getting processed by all BeanPostProcessors (for example: not eligible for auto-proxying)
2020-08-25 10:05:25.589  INFO 6276 --- [main] trationDelegate$BeanPostProcessorChecker : Bean 'org.apache.shiro.spring.config.web.autoconfigure.ShiroWebAutoConfiguration' of type [org.apache.shiro.spring.config.web.autoconfigure.ShiroWebAutoConfiguration$$EnhancerBySpringCGLIB$$53aae3ba] is not eligible for getting processed by all BeanPostProcessors (for example: not eligible for auto-proxying)
2020-08-25 10:05:25.599  INFO 6276 --- [main] trationDelegate$BeanPostProcessorChecker : Bean 'org.springframework.boot.autoconfigure.jdbc.DataSourceConfiguration$Generic' of type [org.springframework.boot.autoconfigure.jdbc.DataSourceConfiguration$Generic] is not eligible for getting processed by all BeanPostProcessors (for example: not eligible for auto-proxying)
2020-08-25 10:05:25.609  INFO 6276 --- [main] trationDelegate$BeanPostProcessorChecker : Bean 'spring.datasource-org.springframework.boot.autoconfigure.jdbc.DataSourceProperties' of type [org.springframework.boot.autoconfigure.jdbc.DataSourceProperties] is not eligible for getting processed by all BeanPostProcessors (for example: not eligible for auto-proxying)
2020-08-25 10:05:25.639  INFO 6276 --- [main] trationDelegate$BeanPostProcessorChecker : Bean 'dataSource' of type [com.alibaba.druid.pool.DruidDataSource] is not eligible for getting processed by all BeanPostProcessors (for example: not eligible for auto-proxying)
2020-08-25 10:05:25.639  INFO 6276 --- [main] trationDelegate$BeanPostProcessorChecker : Bean 'authorizer' of type [com.sy.bmq.realm.CasRealm] is not eligible for getting processed by all BeanPostProcessors (for example: not eligible for auto-proxying)
2020-08-25 10:05:25.639  INFO 6276 --- [main] trationDelegate$BeanPostProcessorChecker : Bean 'springShiroConfig' of type [com.sy.SpringShiroConfig$$EnhancerBySpringCGLIB$$ddde1668] is not eligible for getting processed by all BeanPostProcessors (for example: not eligible for auto-proxying)
2020-08-25 10:05:25.649  INFO 6276 --- [main] trationDelegate$BeanPostProcessorChecker : Bean 'createRealm' of type [com.sy.bmq.realm.MyJdbcRealm] is not eligible for getting processed by all BeanPostProcessors (for example: not eligible for auto-proxying)
2020-08-25 10:05:25.789  INFO 6276 --- [main] trationDelegate$BeanPostProcessorChecker : Bean 'sessionStorageEvaluator' of type [org.apache.shiro.web.mgt.DefaultWebSessionStorageEvaluator] is not eligible for getting processed by all BeanPostProcessors (for example: not eligible for auto-proxying)
2020-08-25 10:05:25.789  INFO 6276 --- [main] trationDelegate$BeanPostProcessorChecker : Bean 'subjectDAO' of type [org.apache.shiro.mgt.DefaultSubjectDAO] is not eligible for getting processed by all BeanPostProcessors (for example: not eligible for auto-proxying)
2020-08-25 10:05:25.789  INFO 6276 --- [main] trationDelegate$BeanPostProcessorChecker : Bean 'subjectFactory' of type [io.buji.pac4j.subject.Pac4jSubjectFactory] is not eligible for getting processed by all BeanPostProcessors (for example: not eligible for auto-proxying)
2020-08-25 10:05:25.789  INFO 6276 --- [main] trationDelegate$BeanPostProcessorChecker : Bean 'rememberMeCookieTemplate' of type [org.apache.shiro.web.servlet.SimpleCookie] is not eligible for getting processed by all BeanPostProcessors (for example: not eligible for auto-proxying)
2020-08-25 10:05:25.799  INFO 6276 --- [main] trationDelegate$BeanPostProcessorChecker : Bean 'rememberMeManager' of type [org.apache.shiro.web.mgt.CookieRememberMeManager] is not eligible for getting processed by all BeanPostProcessors (for example: not eligible for auto-proxying)
2020-08-25 10:05:25.799  INFO 6276 --- [main] trationDelegate$BeanPostProcessorChecker : Bean 'authenticationStrategy' of type [org.apache.shiro.authc.pam.AtLeastOneSuccessfulStrategy] is not eligible for getting processed by all BeanPostProcessors (for example: not eligible for auto-proxying)
2020-08-25 10:05:25.799  INFO 6276 --- [main] trationDelegate$BeanPostProcessorChecker : Bean 'authenticator' of type [org.apache.shiro.authc.pam.ModularRealmAuthenticator] is not eligible for getting processed by all BeanPostProcessors (for example: not eligible for auto-proxying)
2020-08-25 10:05:25.799  INFO 6276 --- [main] trationDelegate$BeanPostProcessorChecker : Bean 'sessionManager' of type [org.apache.shiro.web.session.mgt.ServletContainerSessionManager] is not eligible for getting processed by all BeanPostProcessors (for example: not eligible for auto-proxying)
2020-08-25 10:05:25.799  INFO 6276 --- [main] trationDelegate$BeanPostProcessorChecker : Bean 'securityManager' of type [org.apache.shiro.web.mgt.DefaultWebSecurityManager] is not eligible for getting processed by all BeanPostProcessors (for example: not eligible for auto-proxying)
2020-08-25 10:05:25.799  INFO 6276 --- [main] trationDelegate$BeanPostProcessorChecker : Bean 'casConfig' of type [com.sy.CasConfig$$EnhancerBySpringCGLIB$$83fba7b9] is not eligible for getting processed by all BeanPostProcessors (for example: not eligible for auto-proxying)
2020-08-25 10:05:25.809  INFO 6276 --- [main] trationDelegate$BeanPostProcessorChecker : Bean 'casConfiguration' of type [org.pac4j.cas.config.CasConfiguration] is not eligible for getting processed by all BeanPostProcessors (for example: not eligible for auto-proxying)
2020-08-25 10:05:25.809  INFO 6276 --- [main] trationDelegate$BeanPostProcessorChecker : Bean 'casClient' of type [org.pac4j.cas.client.CasClient] is not eligible for getting processed by all BeanPostProcessors (for example: not eligible for auto-proxying)
2020-08-25 10:05:25.809  INFO 6276 --- [main] trationDelegate$BeanPostProcessorChecker : Bean 'shiroSessionStore' of type [io.buji.pac4j.context.ShiroSessionStore] is not eligible for getting processed by all BeanPostProcessors (for example: not eligible for auto-proxying)
2020-08-25 10:05:25.819  INFO 6276 --- [main] trationDelegate$BeanPostProcessorChecker : Bean 'exPac4jConfig' of type [org.pac4j.core.config.Config] is not eligible for getting processed by all BeanPostProcessors (for example: not eligible for auto-proxying)
2020-08-25 10:05:25.839  INFO 6276 --- [main] trationDelegate$BeanPostProcessorChecker : Bean 'org.springframework.transaction.annotation.ProxyTransactionManagementConfiguration' of type [org.springframework.transaction.annotation.ProxyTransactionManagementConfiguration] is not eligible for getting processed by all BeanPostProcessors (for example: not eligible for auto-proxying)
2020-08-25 10:05:25.839  INFO 6276 --- [main] trationDelegate$BeanPostProcessorChecker : Bean 'authorizationAttributeSourceAdvisor' of type [org.apache.shiro.spring.security.interceptor.AuthorizationAttributeSourceAdvisor] is not eligible for getting processed by all BeanPostProcessors (for example: not eligible for auto-proxying)
2020-08-25 10:05:26.019  INFO 6276 --- [main] o.s.b.w.embedded.tomcat.TomcatWebServer  : Tomcat initialized with port(s): 9998 (http)
2020-08-25 10:05:26.129  INFO 6276 --- [main] o.s.web.context.ContextLoader            : Root WebApplicationContext: initialization completed in 1550 ms
2020-08-25 10:05:26.299 DEBUG 6276 --- [main] o.mybatis.spring.SqlSessionFactoryBean   : Property 'mapperLocations' was not specified or no matching resources found
2020-08-25 10:05:26.640  INFO 6276 --- [main] o.s.s.concurrent.ThreadPoolTaskExecutor  : Initializing ExecutorService 'applicationTaskExecutor'
2020-08-25 10:05:26.700  INFO 6276 --- [main] o.s.b.a.w.s.WelcomePageHandlerMapping    : Adding welcome page: class path resource [static/index.html]
2020-08-25 10:05:26.750 DEBUG 6276 --- [main] o.m.s.b.a.MybatisAutoConfiguration       : No org.mybatis.spring.mapper.MapperFactoryBean found.
2020-08-25 10:05:27.600  INFO 6276 --- [main] o.s.d.e.c.TransportClientFactoryBean     : Adding transport node : 127.0.0.1:9300
2020-08-25 10:05:29.181  INFO 6276 --- [main] o.s.b.w.embedded.tomcat.TomcatWebServer  : Tomcat started on port(s): 9998 (http) with context path ''
2020-08-25 10:05:37.865  INFO 6276 --- [http-nio-9998-exec-1] o.s.web.servlet.DispatcherServlet        : Initializing Servlet 'dispatcherServlet'
2020-08-25 10:05:37.870  INFO 6276 --- [http-nio-9998-exec-1] o.s.web.servlet.DispatcherServlet        : Completed initialization in 5 ms
2020-08-25 10:18:49.428  INFO 1812 --- [main] .s.d.r.c.RepositoryConfigurationDelegate : Multiple Spring Data modules found, entering strict repository configuration mode!
2020-08-25 10:18:49.430  INFO 1812 --- [main] .s.d.r.c.RepositoryConfigurationDelegate : Bootstrapping Spring Data repositories in DEFAULT mode.
2020-08-25 10:18:49.436  INFO 1812 --- [main] .s.d.r.c.RepositoryConfigurationDelegate : Finished Spring Data repository scanning in 3ms. Found 0 repository interfaces.
2020-08-25 10:18:49.521 DEBUG 1812 --- [main] o.m.s.b.a.MybatisAutoConfiguration       : Searching for mappers annotated with @Mapper
2020-08-25 10:18:49.522 DEBUG 1812 --- [main] o.m.s.b.a.MybatisAutoConfiguration       : Using auto-configuration base package 'com.sy.bmq'
2020-08-25 10:18:49.525  WARN 1812 --- [main] o.m.s.mapper.ClassPathMapperScanner      : No MyBatis mapper was found in '[com.sy.bmq]' package. Please check your configuration.
2020-08-25 10:18:49.573  INFO 1812 --- [main] .s.d.r.c.RepositoryConfigurationDelegate : Multiple Spring Data modules found, entering strict repository configuration mode!
2020-08-25 10:18:49.573  INFO 1812 --- [main] .s.d.r.c.RepositoryConfigurationDelegate : Bootstrapping Spring Data repositories in DEFAULT mode.
2020-08-25 10:18:49.585  INFO 1812 --- [main] .s.d.r.c.RepositoryConfigurationDelegate : Finished Spring Data repository scanning in 11ms. Found 0 repository interfaces.
2020-08-25 10:18:49.587  INFO 1812 --- [main] .s.d.r.c.RepositoryConfigurationDelegate : Multiple Spring Data modules found, entering strict repository configuration mode!
2020-08-25 10:18:49.588  INFO 1812 --- [main] .s.d.r.c.RepositoryConfigurationDelegate : Bootstrapping Spring Data repositories in DEFAULT mode.
2020-08-25 10:18:49.591  INFO 1812 --- [main] .s.d.r.c.RepositoryConfigurationDelegate : Finished Spring Data repository scanning in 3ms. Found 0 repository interfaces.
2020-08-25 10:18:49.599  INFO 1812 --- [main] .s.d.r.c.RepositoryConfigurationDelegate : Multiple Spring Data modules found, entering strict repository configuration mode!
2020-08-25 10:18:49.600  INFO 1812 --- [main] .s.d.r.c.RepositoryConfigurationDelegate : Bootstrapping Spring Data repositories in DEFAULT mode.
2020-08-25 10:18:49.609  INFO 1812 --- [main] .s.d.r.c.RepositoryConfigurationDelegate : Finished Spring Data repository scanning in 3ms. Found 0 repository interfaces.
2020-08-25 10:18:49.773  INFO 1812 --- [main] trationDelegate$BeanPostProcessorChecker : Bean 'org.apache.shiro.spring.boot.autoconfigure.ShiroBeanAutoConfiguration' of type [org.apache.shiro.spring.boot.autoconfigure.ShiroBeanAutoConfiguration$$EnhancerBySpringCGLIB$$706baf2c] is not eligible for getting processed by all BeanPostProcessors (for example: not eligible for auto-proxying)
2020-08-25 10:18:49.785  INFO 1812 --- [main] trationDelegate$BeanPostProcessorChecker : Bean 'shiroConfig' of type [com.sy.ShiroConfig$$EnhancerBySpringCGLIB$$291f50f1] is not eligible for getting processed by all BeanPostProcessors (for example: not eligible for auto-proxying)
2020-08-25 10:18:49.805  INFO 1812 --- [main] trationDelegate$BeanPostProcessorChecker : Bean 'eventBus' of type [org.apache.shiro.event.support.DefaultEventBus] is not eligible for getting processed by all BeanPostProcessors (for example: not eligible for auto-proxying)
2020-08-25 10:18:49.824  INFO 1812 --- [main] trationDelegate$BeanPostProcessorChecker : Bean 'org.apache.shiro.spring.config.web.autoconfigure.ShiroWebAutoConfiguration' of type [org.apache.shiro.spring.config.web.autoconfigure.ShiroWebAutoConfiguration$$EnhancerBySpringCGLIB$$95080f96] is not eligible for getting processed by all BeanPostProcessors (for example: not eligible for auto-proxying)
2020-08-25 10:18:49.829  INFO 1812 --- [main] trationDelegate$BeanPostProcessorChecker : Bean 'org.springframework.boot.autoconfigure.jdbc.DataSourceConfiguration$Generic' of type [org.springframework.boot.autoconfigure.jdbc.DataSourceConfiguration$Generic] is not eligible for getting processed by all BeanPostProcessors (for example: not eligible for auto-proxying)
2020-08-25 10:18:49.846  INFO 1812 --- [main] trationDelegate$BeanPostProcessorChecker : Bean 'spring.datasource-org.springframework.boot.autoconfigure.jdbc.DataSourceProperties' of type [org.springframework.boot.autoconfigure.jdbc.DataSourceProperties] is not eligible for getting processed by all BeanPostProcessors (for example: not eligible for auto-proxying)
2020-08-25 10:18:49.875  INFO 1812 --- [main] trationDelegate$BeanPostProcessorChecker : Bean 'dataSource' of type [com.alibaba.druid.pool.DruidDataSource] is not eligible for getting processed by all BeanPostProcessors (for example: not eligible for auto-proxying)
2020-08-25 10:18:49.876  INFO 1812 --- [main] trationDelegate$BeanPostProcessorChecker : Bean 'authorizer' of type [com.sy.bmq.realm.CasRealm] is not eligible for getting processed by all BeanPostProcessors (for example: not eligible for auto-proxying)
2020-08-25 10:18:49.876  INFO 1812 --- [main] trationDelegate$BeanPostProcessorChecker : Bean 'springShiroConfig' of type [com.sy.SpringShiroConfig$$EnhancerBySpringCGLIB$$1f3b4244] is not eligible for getting processed by all BeanPostProcessors (for example: not eligible for auto-proxying)
2020-08-25 10:18:49.879  INFO 1812 --- [main] trationDelegate$BeanPostProcessorChecker : Bean 'createRealm' of type [com.sy.bmq.realm.MyJdbcRealm] is not eligible for getting processed by all BeanPostProcessors (for example: not eligible for auto-proxying)
2020-08-25 10:18:50.028  INFO 1812 --- [main] trationDelegate$BeanPostProcessorChecker : Bean 'sessionStorageEvaluator' of type [org.apache.shiro.web.mgt.DefaultWebSessionStorageEvaluator] is not eligible for getting processed by all BeanPostProcessors (for example: not eligible for auto-proxying)
2020-08-25 10:18:50.029  INFO 1812 --- [main] trationDelegate$BeanPostProcessorChecker : Bean 'subjectDAO' of type [org.apache.shiro.mgt.DefaultSubjectDAO] is not eligible for getting processed by all BeanPostProcessors (for example: not eligible for auto-proxying)
2020-08-25 10:18:50.029  INFO 1812 --- [main] trationDelegate$BeanPostProcessorChecker : Bean 'subjectFactory' of type [io.buji.pac4j.subject.Pac4jSubjectFactory] is not eligible for getting processed by all BeanPostProcessors (for example: not eligible for auto-proxying)
2020-08-25 10:18:50.031  INFO 1812 --- [main] trationDelegate$BeanPostProcessorChecker : Bean 'rememberMeCookieTemplate' of type [org.apache.shiro.web.servlet.SimpleCookie] is not eligible for getting processed by all BeanPostProcessors (for example: not eligible for auto-proxying)
2020-08-25 10:18:50.042  INFO 1812 --- [main] trationDelegate$BeanPostProcessorChecker : Bean 'rememberMeManager' of type [org.apache.shiro.web.mgt.CookieRememberMeManager] is not eligible for getting processed by all BeanPostProcessors (for example: not eligible for auto-proxying)
2020-08-25 10:18:50.046  INFO 1812 --- [main] trationDelegate$BeanPostProcessorChecker : Bean 'authenticationStrategy' of type [org.apache.shiro.authc.pam.AtLeastOneSuccessfulStrategy] is not eligible for getting processed by all BeanPostProcessors (for example: not eligible for auto-proxying)
2020-08-25 10:18:50.047  INFO 1812 --- [main] trationDelegate$BeanPostProcessorChecker : Bean 'authenticator' of type [org.apache.shiro.authc.pam.ModularRealmAuthenticator] is not eligible for getting processed by all BeanPostProcessors (for example: not eligible for auto-proxying)
2020-08-25 10:18:50.049  INFO 1812 --- [main] trationDelegate$BeanPostProcessorChecker : Bean 'sessionManager' of type [org.apache.shiro.web.session.mgt.ServletContainerSessionManager] is not eligible for getting processed by all BeanPostProcessors (for example: not eligible for auto-proxying)
2020-08-25 10:18:50.051  INFO 1812 --- [main] trationDelegate$BeanPostProcessorChecker : Bean 'securityManager' of type [org.apache.shiro.web.mgt.DefaultWebSecurityManager] is not eligible for getting processed by all BeanPostProcessors (for example: not eligible for auto-proxying)
2020-08-25 10:18:50.053  INFO 1812 --- [main] trationDelegate$BeanPostProcessorChecker : Bean 'casConfig' of type [com.sy.CasConfig$$EnhancerBySpringCGLIB$$c558d395] is not eligible for getting processed by all BeanPostProcessors (for example: not eligible for auto-proxying)
2020-08-25 10:18:50.063  INFO 1812 --- [main] trationDelegate$BeanPostProcessorChecker : Bean 'casConfiguration' of type [org.pac4j.cas.config.CasConfiguration] is not eligible for getting processed by all BeanPostProcessors (for example: not eligible for auto-proxying)
2020-08-25 10:18:50.066  INFO 1812 --- [main] trationDelegate$BeanPostProcessorChecker : Bean 'casClient' of type [org.pac4j.cas.client.CasClient] is not eligible for getting processed by all BeanPostProcessors (for example: not eligible for auto-proxying)
2020-08-25 10:18:50.068  INFO 1812 --- [main] trationDelegate$BeanPostProcessorChecker : Bean 'shiroSessionStore' of type [io.buji.pac4j.context.ShiroSessionStore] is not eligible for getting processed by all BeanPostProcessors (for example: not eligible for auto-proxying)
2020-08-25 10:18:50.070  INFO 1812 --- [main] trationDelegate$BeanPostProcessorChecker : Bean 'exPac4jConfig' of type [org.pac4j.core.config.Config] is not eligible for getting processed by all BeanPostProcessors (for example: not eligible for auto-proxying)
2020-08-25 10:18:50.090  INFO 1812 --- [main] trationDelegate$BeanPostProcessorChecker : Bean 'org.springframework.transaction.annotation.ProxyTransactionManagementConfiguration' of type [org.springframework.transaction.annotation.ProxyTransactionManagementConfiguration] is not eligible for getting processed by all BeanPostProcessors (for example: not eligible for auto-proxying)
2020-08-25 10:18:50.098  INFO 1812 --- [main] trationDelegate$BeanPostProcessorChecker : Bean 'authorizationAttributeSourceAdvisor' of type [org.apache.shiro.spring.security.interceptor.AuthorizationAttributeSourceAdvisor] is not eligible for getting processed by all BeanPostProcessors (for example: not eligible for auto-proxying)
2020-08-25 10:18:50.279  INFO 1812 --- [main] o.s.b.w.embedded.tomcat.TomcatWebServer  : Tomcat initialized with port(s): 9998 (http)
2020-08-25 10:18:50.428  INFO 1812 --- [main] o.s.web.context.ContextLoader            : Root WebApplicationContext: initialization completed in 1452 ms
2020-08-25 10:18:50.536 DEBUG 1812 --- [main] o.mybatis.spring.SqlSessionFactoryBean   : Property 'mapperLocations' was not specified or no matching resources found
2020-08-25 10:18:50.882  INFO 1812 --- [main] o.s.s.concurrent.ThreadPoolTaskExecutor  : Initializing ExecutorService 'applicationTaskExecutor'
2020-08-25 10:18:50.940  INFO 1812 --- [main] o.s.b.a.w.s.WelcomePageHandlerMapping    : Adding welcome page: class path resource [static/index.html]
2020-08-25 10:18:50.994 DEBUG 1812 --- [main] o.m.s.b.a.MybatisAutoConfiguration       : No org.mybatis.spring.mapper.MapperFactoryBean found.
2020-08-25 10:18:51.836  INFO 1812 --- [main] o.s.d.e.c.TransportClientFactoryBean     : Adding transport node : 127.0.0.1:9300
2020-08-25 10:18:53.433  INFO 1812 --- [main] o.s.b.w.embedded.tomcat.TomcatWebServer  : Tomcat started on port(s): 9998 (http) with context path ''
2020-08-25 10:19:07.566  INFO 1812 --- [http-nio-9998-exec-1] o.s.web.servlet.DispatcherServlet        : Initializing Servlet 'dispatcherServlet'
2020-08-25 10:19:07.571  INFO 1812 --- [http-nio-9998-exec-1] o.s.web.servlet.DispatcherServlet        : Completed initialization in 5 ms
2020-08-25 10:41:36.355  INFO 3604 --- [main] .s.d.r.c.RepositoryConfigurationDelegate : Multiple Spring Data modules found, entering strict repository configuration mode!
2020-08-25 10:41:36.357  INFO 3604 --- [main] .s.d.r.c.RepositoryConfigurationDelegate : Bootstrapping Spring Data repositories in DEFAULT mode.
2020-08-25 10:41:36.365  INFO 3604 --- [main] .s.d.r.c.RepositoryConfigurationDelegate : Finished Spring Data repository scanning in 4ms. Found 0 repository interfaces.
2020-08-25 10:41:36.476 DEBUG 3604 --- [main] o.m.s.b.a.MybatisAutoConfiguration       : Searching for mappers annotated with @Mapper
2020-08-25 10:41:36.478 DEBUG 3604 --- [main] o.m.s.b.a.MybatisAutoConfiguration       : Using auto-configuration base package 'com.sy'
2020-08-25 10:41:36.491  WARN 3604 --- [main] o.m.s.mapper.ClassPathMapperScanner      : No MyBatis mapper was found in '[com.sy]' package. Please check your configuration.
2020-08-25 10:41:36.556  INFO 3604 --- [main] .s.d.r.c.RepositoryConfigurationDelegate : Multiple Spring Data modules found, entering strict repository configuration mode!
2020-08-25 10:41:36.556  INFO 3604 --- [main] .s.d.r.c.RepositoryConfigurationDelegate : Bootstrapping Spring Data repositories in DEFAULT mode.
2020-08-25 10:41:36.582  INFO 3604 --- [main] .s.d.r.c.RepositoryConfigurationDelegate : Finished Spring Data repository scanning in 25ms. Found 0 repository interfaces.
2020-08-25 10:41:36.586  INFO 3604 --- [main] .s.d.r.c.RepositoryConfigurationDelegate : Multiple Spring Data modules found, entering strict repository configuration mode!
2020-08-25 10:41:36.587  INFO 3604 --- [main] .s.d.r.c.RepositoryConfigurationDelegate : Bootstrapping Spring Data repositories in DEFAULT mode.
2020-08-25 10:41:36.601  INFO 3604 --- [main] .s.d.r.c.RepositoryConfigurationDelegate : Finished Spring Data repository scanning in 14ms. Found 0 repository interfaces.
2020-08-25 10:41:36.613  INFO 3604 --- [main] .s.d.r.c.RepositoryConfigurationDelegate : Multiple Spring Data modules found, entering strict repository configuration mode!
2020-08-25 10:41:36.614  INFO 3604 --- [main] .s.d.r.c.RepositoryConfigurationDelegate : Bootstrapping Spring Data repositories in DEFAULT mode.
2020-08-25 10:41:36.639  INFO 3604 --- [main] .s.d.r.c.RepositoryConfigurationDelegate : Finished Spring Data repository scanning in 13ms. Found 0 repository interfaces.
2020-08-25 10:41:36.823  INFO 3604 --- [main] trationDelegate$BeanPostProcessorChecker : Bean 'org.apache.shiro.spring.boot.autoconfigure.ShiroBeanAutoConfiguration' of type [org.apache.shiro.spring.boot.autoconfigure.ShiroBeanAutoConfiguration$$EnhancerBySpringCGLIB$$ff97e430] is not eligible for getting processed by all BeanPostProcessors (for example: not eligible for auto-proxying)
2020-08-25 10:41:36.838  INFO 3604 --- [main] trationDelegate$BeanPostProcessorChecker : Bean 'shiroConfig' of type [com.sy.ShiroConfig$$EnhancerBySpringCGLIB$$319dc9dd] is not eligible for getting processed by all BeanPostProcessors (for example: not eligible for auto-proxying)
2020-08-25 10:41:36.861  INFO 3604 --- [main] trationDelegate$BeanPostProcessorChecker : Bean 'eventBus' of type [org.apache.shiro.event.support.DefaultEventBus] is not eligible for getting processed by all BeanPostProcessors (for example: not eligible for auto-proxying)
2020-08-25 10:41:36.885  INFO 3604 --- [main] trationDelegate$BeanPostProcessorChecker : Bean 'org.apache.shiro.spring.config.web.autoconfigure.ShiroWebAutoConfiguration' of type [org.apache.shiro.spring.config.web.autoconfigure.ShiroWebAutoConfiguration$$EnhancerBySpringCGLIB$$2434449a] is not eligible for getting processed by all BeanPostProcessors (for example: not eligible for auto-proxying)
2020-08-25 10:41:36.891  INFO 3604 --- [main] trationDelegate$BeanPostProcessorChecker : Bean 'org.springframework.boot.autoconfigure.jdbc.DataSourceConfiguration$Generic' of type [org.springframework.boot.autoconfigure.jdbc.DataSourceConfiguration$Generic] is not eligible for getting processed by all BeanPostProcessors (for example: not eligible for auto-proxying)
2020-08-25 10:41:36.910  INFO 3604 --- [main] trationDelegate$BeanPostProcessorChecker : Bean 'spring.datasource-org.springframework.boot.autoconfigure.jdbc.DataSourceProperties' of type [org.springframework.boot.autoconfigure.jdbc.DataSourceProperties] is not eligible for getting processed by all BeanPostProcessors (for example: not eligible for auto-proxying)
2020-08-25 10:41:36.946  INFO 3604 --- [main] trationDelegate$BeanPostProcessorChecker : Bean 'dataSource' of type [com.alibaba.druid.pool.DruidDataSource] is not eligible for getting processed by all BeanPostProcessors (for example: not eligible for auto-proxying)
2020-08-25 10:41:36.948  INFO 3604 --- [main] trationDelegate$BeanPostProcessorChecker : Bean 'authorizer' of type [com.sy.bmq.realm.CasRealm] is not eligible for getting processed by all BeanPostProcessors (for example: not eligible for auto-proxying)
2020-08-25 10:41:36.948  INFO 3604 --- [main] trationDelegate$BeanPostProcessorChecker : Bean 'springShiroConfig' of type [com.sy.SpringShiroConfig$$EnhancerBySpringCGLIB$$94612d30] is not eligible for getting processed by all BeanPostProcessors (for example: not eligible for auto-proxying)
2020-08-25 10:41:36.952  INFO 3604 --- [main] trationDelegate$BeanPostProcessorChecker : Bean 'createRealm' of type [com.sy.bmq.realm.MyJdbcRealm] is not eligible for getting processed by all BeanPostProcessors (for example: not eligible for auto-proxying)
2020-08-25 10:41:37.217  INFO 3604 --- [main] trationDelegate$BeanPostProcessorChecker : Bean 'sessionStorageEvaluator' of type [org.apache.shiro.web.mgt.DefaultWebSessionStorageEvaluator] is not eligible for getting processed by all BeanPostProcessors (for example: not eligible for auto-proxying)
2020-08-25 10:41:37.218  INFO 3604 --- [main] trationDelegate$BeanPostProcessorChecker : Bean 'subjectDAO' of type [org.apache.shiro.mgt.DefaultSubjectDAO] is not eligible for getting processed by all BeanPostProcessors (for example: not eligible for auto-proxying)
2020-08-25 10:41:37.218  INFO 3604 --- [main] trationDelegate$BeanPostProcessorChecker : Bean 'subjectFactory' of type [io.buji.pac4j.subject.Pac4jSubjectFactory] is not eligible for getting processed by all BeanPostProcessors (for example: not eligible for auto-proxying)
2020-08-25 10:41:37.219  INFO 3604 --- [main] trationDelegate$BeanPostProcessorChecker : Bean 'rememberMeCookieTemplate' of type [org.apache.shiro.web.servlet.SimpleCookie] is not eligible for getting processed by all BeanPostProcessors (for example: not eligible for auto-proxying)
2020-08-25 10:41:37.221  INFO 3604 --- [main] trationDelegate$BeanPostProcessorChecker : Bean 'rememberMeManager' of type [org.apache.shiro.web.mgt.CookieRememberMeManager] is not eligible for getting processed by all BeanPostProcessors (for example: not eligible for auto-proxying)
2020-08-25 10:41:37.221  INFO 3604 --- [main] trationDelegate$BeanPostProcessorChecker : Bean 'authenticationStrategy' of type [org.apache.shiro.authc.pam.AtLeastOneSuccessfulStrategy] is not eligible for getting processed by all BeanPostProcessors (for example: not eligible for auto-proxying)
2020-08-25 10:41:37.222  INFO 3604 --- [main] trationDelegate$BeanPostProcessorChecker : Bean 'authenticator' of type [org.apache.shiro.authc.pam.ModularRealmAuthenticator] is not eligible for getting processed by all BeanPostProcessors (for example: not eligible for auto-proxying)
2020-08-25 10:41:37.224  INFO 3604 --- [main] trationDelegate$BeanPostProcessorChecker : Bean 'sessionManager' of type [org.apache.shiro.web.session.mgt.ServletContainerSessionManager] is not eligible for getting processed by all BeanPostProcessors (for example: not eligible for auto-proxying)
2020-08-25 10:41:37.225  INFO 3604 --- [main] trationDelegate$BeanPostProcessorChecker : Bean 'securityManager' of type [org.apache.shiro.web.mgt.DefaultWebSecurityManager] is not eligible for getting processed by all BeanPostProcessors (for example: not eligible for auto-proxying)
2020-08-25 10:41:37.227  INFO 3604 --- [main] trationDelegate$BeanPostProcessorChecker : Bean 'casConfig' of type [com.sy.CasConfig$$EnhancerBySpringCGLIB$$9de72681] is not eligible for getting processed by all BeanPostProcessors (for example: not eligible for auto-proxying)
2020-08-25 10:41:37.236  INFO 3604 --- [main] trationDelegate$BeanPostProcessorChecker : Bean 'casConfiguration' of type [org.pac4j.cas.config.CasConfiguration] is not eligible for getting processed by all BeanPostProcessors (for example: not eligible for auto-proxying)
2020-08-25 10:41:37.240  INFO 3604 --- [main] trationDelegate$BeanPostProcessorChecker : Bean 'casClient' of type [org.pac4j.cas.client.CasClient] is not eligible for getting processed by all BeanPostProcessors (for example: not eligible for auto-proxying)
2020-08-25 10:41:37.241  INFO 3604 --- [main] trationDelegate$BeanPostProcessorChecker : Bean 'shiroSessionStore' of type [io.buji.pac4j.context.ShiroSessionStore] is not eligible for getting processed by all BeanPostProcessors (for example: not eligible for auto-proxying)
2020-08-25 10:41:37.243  INFO 3604 --- [main] trationDelegate$BeanPostProcessorChecker : Bean 'exPac4jConfig' of type [org.pac4j.core.config.Config] is not eligible for getting processed by all BeanPostProcessors (for example: not eligible for auto-proxying)
2020-08-25 10:41:37.264  INFO 3604 --- [main] trationDelegate$BeanPostProcessorChecker : Bean 'org.springframework.transaction.annotation.ProxyTransactionManagementConfiguration' of type [org.springframework.transaction.annotation.ProxyTransactionManagementConfiguration] is not eligible for getting processed by all BeanPostProcessors (for example: not eligible for auto-proxying)
2020-08-25 10:41:37.272  INFO 3604 --- [main] trationDelegate$BeanPostProcessorChecker : Bean 'authorizationAttributeSourceAdvisor' of type [org.apache.shiro.spring.security.interceptor.AuthorizationAttributeSourceAdvisor] is not eligible for getting processed by all BeanPostProcessors (for example: not eligible for auto-proxying)
2020-08-25 10:41:37.523  INFO 3604 --- [main] o.s.b.w.embedded.tomcat.TomcatWebServer  : Tomcat initialized with port(s): 9998 (http)
2020-08-25 10:41:37.700  INFO 3604 --- [main] o.s.web.context.ContextLoader            : Root WebApplicationContext: initialization completed in 1795 ms
2020-08-25 10:41:37.828 DEBUG 3604 --- [main] o.mybatis.spring.SqlSessionFactoryBean   : Property 'mapperLocations' was not specified or no matching resources found
2020-08-25 10:41:38.277  INFO 3604 --- [main] o.s.s.concurrent.ThreadPoolTaskExecutor  : Initializing ExecutorService 'applicationTaskExecutor'
2020-08-25 10:41:38.341  INFO 3604 --- [main] o.s.b.a.w.s.WelcomePageHandlerMapping    : Adding welcome page: class path resource [static/index.html]
2020-08-25 10:41:38.399 DEBUG 3604 --- [main] o.m.s.b.a.MybatisAutoConfiguration       : No org.mybatis.spring.mapper.MapperFactoryBean found.
2020-08-25 10:41:39.933  INFO 3604 --- [main] o.s.d.e.c.TransportClientFactoryBean     : Adding transport node : 127.0.0.1:9300
2020-08-25 10:41:41.799  INFO 3604 --- [main] o.s.b.w.embedded.tomcat.TomcatWebServer  : Tomcat started on port(s): 9998 (http) with context path ''
2020-08-25 10:42:00.841  INFO 3604 --- [http-nio-9998-exec-1] o.s.web.servlet.DispatcherServlet        : Initializing Servlet 'dispatcherServlet'
2020-08-25 10:42:00.847  INFO 3604 --- [http-nio-9998-exec-1] o.s.web.servlet.DispatcherServlet        : Completed initialization in 5 ms
